sw02111-A 335
sw02111-B 335
sw02161-A 335
sw02161-B 335
sw02264-A 335
sw02264-B 335
sw02299-A 335
sw02299-B 335
sw02352-A 335
sw02352-B 335
sw02557-A 335
sw02557-B 335
sw02747-A 335
sw02747-B 335
sw02815-A 335
sw02815-B 335
sw02928-A 335
sw02928-B 335
sw02994-A 335
sw02994-B 335
sw03074-A 335
sw03074-B 335
sw03156-A 335
sw03156-B 335
sw03194-A 335
sw03194-B 335
sw03414-A 335
sw03414-B 335
sw03659-A 335
sw03659-B 335
sw03672-A 335
sw03672-B 335
sw04042-A 335
sw04042-B 335
sw04073-A 335
sw04073-B 335
sw04075-A 335
sw04075-B 335
sw04118-A 335
sw04118-B 335
sw04121-A 335
sw04121-B 335
sw04143-A 335
sw04143-B 335
sw04175-A 335
sw04175-B 335
sw04215-A 335
sw04215-B 335
sw04241-A 335
sw04241-B 335
sw04329-A 335
sw04329-B 335
sw04483-A 335
sw04483-B 335
sw04559-A 335
sw04559-B 335
sw04829-A 335
sw04829-B 335
sw04845-A 335
sw04845-B 335
sw02064-A 322
sw02064-B 322
sw02488-A 322
sw02488-B 322
sw02717-A 322
sw02717-B 322
sw03029-A 322
sw03029-B 322
sw03247-A 322
sw03247-B 322
sw03367-A 322
sw03367-B 322
sw03511-A 322
sw03511-B 322
sw03578-A 322
sw03578-B 322
sw03644-A 322
sw03644-B 322
sw03732-A 322
sw03732-B 322
sw03784-A 322
sw03784-B 322
sw03930-A 322
sw03930-B 322
sw03966-A 322
sw03966-B 322
sw03991-A 322
sw03991-B 322
sw04011-A 322
sw04011-B 322
sw04037-A 322
sw04037-B 322
sw04047-A 322
sw04047-B 322
sw04058-A 322
sw04058-B 322
sw04066-A 322
sw04066-B 322
sw04111-A 322
sw04111-B 322
sw04117-A 322
sw04117-B 322
sw04277-A 322
sw04277-B 322
sw04331-A 322
sw04331-B 322
sw04332-A 322
sw04332-B 322
sw04341-A 322
sw04341-B 322
sw04369-A 322
sw04369-B 322
sw04502-A 322
sw04502-B 322
sw04548-A 322
sw04548-B 322
sw04710-A 322
sw04710-B 322
sw04835-A 322
sw04835-B 322
sw02437-A 354
sw02437-B 354
sw02564-A 354
sw02564-B 354
sw02638-A 354
sw02638-B 354
sw02681-A 354
sw02681-B 354
sw02759-A 354
sw02759-B 354
sw02763-A 354
sw02763-B 354
sw02820-A 354
sw02820-B 354
sw03088-A 354
sw03088-B 354
sw03197-A 354
sw03197-B 354
sw03444-A 354
sw03444-B 354
sw03635-A 354
sw03635-B 354
sw03660-A 354
sw03660-B 354
sw03808-A 354
sw03808-B 354
sw03928-A 354
sw03928-B 354
sw03996-A 354
sw03996-B 354
sw04014-A 354
sw04014-B 354
sw04065-A 354
sw04065-B 354
sw04083-A 354
sw04083-B 354
sw04088-A 354
sw04088-B 354
sw04093-A 354
sw04093-B 354
sw04116-A 354
sw04116-B 354
sw04119-A 354
sw04119-B 354
sw04206-A 354
sw04206-B 354
sw04282-A 354
sw04282-B 354
sw04302-A 354
sw04302-B 354
sw04330-A 354
sw04330-B 354
sw04355-A 354
sw04355-B 354
sw04605-A 354
sw04605-B 354
sw04618-A 354
sw04618-B 354
sw04765-A 354
sw04765-B 354
sw02022-A 357
sw02022-B 357
sw02092-A 357
sw02092-B 357
sw02243-A 357
sw02243-B 357
sw02288-A 357
sw02288-B 357
sw02320-A 357
sw02320-B 357
sw02348-A 357
sw02348-B 357
sw02467-A 357
sw02467-B 357
sw02508-A 357
sw02508-B 357
sw02515-A 357
sw02515-B 357
sw03079-A 357
sw03079-B 357
sw03195-A 357
sw03195-B 357
sw03200-A 357
sw03200-B 357
sw03299-A 357
sw03299-B 357
sw03307-A 357
sw03307-B 357
sw03336-A 357
sw03336-B 357
sw03673-A 357
sw03673-B 357
sw03721-A 357
sw03721-B 357
sw03978-A 357
sw03978-B 357
sw04000-A 357
sw04000-B 357
sw04079-A 357
sw04079-B 357
sw04104-A 357
sw04104-B 357
sw04149-A 357
sw04149-B 357
sw04156-A 357
sw04156-B 357
sw04216-A 357
sw04216-B 357
sw04271-A 357
sw04271-B 357
sw04338-A 357
sw04338-B 357
sw04374-A 357
sw04374-B 357
sw04615-A 357
sw04615-B 357
sw04675-A 357
sw04675-B 357
sw04759-A 357
sw04759-B 357
sw02129-A 345
sw02129-B 345
sw02250-A 345
sw02250-B 345
sw02600-A 345
sw02600-B 345
sw02706-A 345
sw02706-B 345
sw02762-A 345
sw02762-B 345
sw02799-A 345
sw02799-B 345
sw02887-A 345
sw02887-B 345
sw02911-A 345
sw02911-B 345
sw03001-A 345
sw03001-B 345
sw03008-A 345
sw03008-B 345
sw03107-A 345
sw03107-B 345
sw03502-A 345
sw03502-B 345
sw03789-A 345
sw03789-B 345
sw04056-A 345
sw04056-B 345
sw04085-A 345
sw04085-B 345
sw04091-A 345
sw04091-B 345
sw04100-A 345
sw04100-B 345
sw04105-A 345
sw04105-B 345
sw04112-A 345
sw04112-B 345
sw04220-A 345
sw04220-B 345
sw04225-A 345
sw04225-B 345
sw04254-A 345
sw04254-B 345
sw04305-A 345
sw04305-B 345
sw04319-A 345
sw04319-B 345
sw04628-A 345
sw04628-B 345
sw04644-A 345
sw04644-B 345
sw04664-A 345
sw04664-B 345
sw04709-A 345
sw04709-B 345
sw04718-A 345
sw04718-B 345
sw04831-A 345
sw04831-B 345
sw02071-A 320
sw02071-B 320
sw02315-A 320
sw02315-B 320
sw02326-A 320
sw02326-B 320
sw02401-A 320
sw02401-B 320
sw02526-A 320
sw02526-B 320
sw02548-A 320
sw02548-B 320
sw02702-A 320
sw02702-B 320
sw02733-A 320
sw02733-B 320
sw02736-A 320
sw02736-B 320
sw03003-A 320
sw03003-B 320
sw03014-A 320
sw03014-B 320
sw03109-A 320
sw03109-B 320
sw03173-A 320
sw03173-B 320
sw03411-A 320
sw03411-B 320
sw03427-A 320
sw03427-B 320
sw03470-A 320
sw03470-B 320
sw03573-A 320
sw03573-B 320
sw03639-A 320
sw03639-B 320
sw03951-A 320
sw03951-B 320
sw03970-A 320
sw03970-B 320
sw03986-A 320
sw03986-B 320
sw04086-A 320
sw04086-B 320
sw04173-A 320
sw04173-B 320
sw04201-A 320
sw04201-B 320
sw04318-A 320
sw04318-B 320
sw04352-A 320
sw04352-B 320
sw04400-A 320
sw04400-B 320
sw04723-A 320
sw04723-B 320
sw04749-A 320
sw04749-B 320
sw04818-A 320
sw04818-B 320
sw02175-A 358
sw02175-B 358
sw02256-A 358
sw02256-B 358
sw02273-A 358
sw02273-B 358
sw02328-A 358
sw02328-B 358
sw02505-A 358
sw02505-B 358
sw02539-A 358
sw02539-B 358
sw02552-A 358
sw02552-B 358
sw02592-A 358
sw02592-B 358
sw02623-A 358
sw02623-B 358
sw02727-A 358
sw02727-B 358
sw02842-A 358
sw02842-B 358
sw02856-A 358
sw02856-B 358
sw02858-A 358
sw02858-B 358
sw02860-A 358
sw02860-B 358
sw02890-A 358
sw02890-B 358
sw02931-A 358
sw02931-B 358
sw02945-A 358
sw02945-B 358
sw02989-A 358
sw02989-B 358
sw03035-A 358
sw03035-B 358
sw03039-A 358
sw03039-B 358
sw03043-A 358
sw03043-B 358
sw03098-A 358
sw03098-B 358
sw03260-A 358
sw03260-B 358
sw03324-A 358
sw03324-B 358
sw03471-A 358
sw03471-B 358
sw03524-A 358
sw03524-B 358
sw03533-A 358
sw03533-B 358
sw03582-A 358
sw03582-B 358
sw03615-A 358
sw03615-B 358
sw03630-A 358
sw03630-B 358
sw03643-A 358
sw03643-B 358
sw03720-A 358
sw03720-B 358
sw03741-A 358
sw03741-B 358
sw03806-A 358
sw03806-B 358
sw03872-A 358
sw03872-B 358
sw03911-A 358
sw03911-B 358
sw03961-A 358
sw03961-B 358
sw03989-A 358
sw03989-B 358
sw04013-A 358
sw04013-B 358
sw04016-A 358
sw04016-B 358
sw04095-A 358
sw04095-B 358
sw04150-A 358
sw04150-B 358
sw04185-A 358
sw04185-B 358
sw04263-A 358
sw04263-B 358
sw04266-A 358
sw04266-B 358
sw04440-A 358
sw04440-B 358
sw04565-A 358
sw04565-B 358
sw04633-A 358
sw04633-B 358
sw04745-A 358
sw04745-B 358
sw04785-A 358
sw04785-B 358
sw02154-A 349
sw02154-B 349
sw02205-A 349
sw02205-B 349
sw02265-A 349
sw02265-B 349
sw02276-A 349
sw02276-B 349
sw02483-A 349
sw02483-B 349
sw02587-A 349
sw02587-B 349
sw02626-A 349
sw02626-B 349
sw02704-A 349
sw02704-B 349
sw02722-A 349
sw02722-B 349
sw02845-A 349
sw02845-B 349
sw02866-A 349
sw02866-B 349
sw02888-A 349
sw02888-B 349
sw02966-A 349
sw02966-B 349
sw03002-A 349
sw03002-B 349
sw03267-A 349
sw03267-B 349
sw03280-A 349
sw03280-B 349
sw03345-A 349
sw03345-B 349
sw03400-A 349
sw03400-B 349
sw03402-A 349
sw03402-B 349
sw03521-A 349
sw03521-B 349
sw03569-A 349
sw03569-B 349
sw03641-A 349
sw03641-B 349
sw03728-A 349
sw03728-B 349
sw03826-A 349
sw03826-B 349
sw03866-A 349
sw03866-B 349
sw03886-A 349
sw03886-B 349
sw04033-A 349
sw04033-B 349
sw04072-A 349
sw04072-B 349
sw04082-A 349
sw04082-B 349
sw04123-A 349
sw04123-B 349
sw04136-A 349
sw04136-B 349
sw04139-A 349
sw04139-B 349
sw04167-A 349
sw04167-B 349
sw04169-A 349
sw04169-B 349
sw04193-A 349
sw04193-B 349
sw04196-A 349
sw04196-B 349
sw04200-A 349
sw04200-B 349
sw04224-A 349
sw04224-B 349
sw04232-A 349
sw04232-B 349
sw04235-A 349
sw04235-B 349
sw04264-A 349
sw04264-B 349
sw04297-A 349
sw04297-B 349
sw04342-A 349
sw04342-B 349
sw04345-A 349
sw04345-B 349
sw04611-A 349
sw04611-B 349
sw04630-A 349
sw04630-B 349
sw04660-A 349
sw04660-B 349
sw04717-A 349
sw04717-B 349
sw04846-A 349
sw04846-B 349
sw04859-A 349
sw04859-B 349
sw02168-A 353
sw02168-B 353
sw02223-A 353
sw02223-B 353
sw02233-A 353
sw02233-B 353
sw02291-A 353
sw02291-B 353
sw02316-A 353
sw02316-B 353
sw02362-A 353
sw02362-B 353
sw02383-A 353
sw02383-B 353
sw02407-A 353
sw02407-B 353
sw02461-A 353
sw02461-B 353
sw02583-A 353
sw02583-B 353
sw02589-A 353
sw02589-B 353
sw02632-A 353
sw02632-B 353
sw02720-A 353
sw02720-B 353
sw02744-A 353
sw02744-B 353
sw02810-A 353
sw02810-B 353
sw02840-A 353
sw02840-B 353
sw02869-A 353
sw02869-B 353
sw02926-A 353
sw02926-B 353
sw02988-A 353
sw02988-B 353
sw03083-A 353
sw03083-B 353
sw03123-A 353
sw03123-B 353
sw03134-A 353
sw03134-B 353
sw03246-A 353
sw03246-B 353
sw03331-A 353
sw03331-B 353
sw03375-A 353
sw03375-B 353
sw03433-A 353
sw03433-B 353
sw03465-A 353
sw03465-B 353
sw03498-A 353
sw03498-B 353
sw03631-A 353
sw03631-B 353
sw03745-A 353
sw03745-B 353
sw03752-A 353
sw03752-B 353
sw03757-A 353
sw03757-B 353
sw03776-A 353
sw03776-B 353
sw03785-A 353
sw03785-B 353
sw03841-A 353
sw03841-B 353
sw03873-A 353
sw03873-B 353
sw03909-A 353
sw03909-B 353
sw03982-A 353
sw03982-B 353
sw04084-A 353
sw04084-B 353
sw04258-A 353
sw04258-B 353
sw04262-A 353
sw04262-B 353
sw04273-A 353
sw04273-B 353
sw04362-A 353
sw04362-B 353
sw04373-A 353
sw04373-B 353
sw04380-A 353
sw04380-B 353
sw04381-A 353
sw04381-B 353
sw04526-A 353
sw04526-B 353
sw04733-A 353
sw04733-B 353
sw04756-A 353
sw04756-B 353
sw04784-A 353
sw04784-B 353
sw02041-A 356
sw02041-B 356
sw02191-A 356
sw02191-B 356
sw02229-A 356
sw02229-B 356
sw02296-A 356
sw02296-B 356
sw02386-A 356
sw02386-B 356
sw02416-A 356
sw02416-B 356
sw02422-A 356
sw02422-B 356
sw02433-A 356
sw02433-B 356
sw02438-A 356
sw02438-B 356
sw02442-A 356
sw02442-B 356
sw02519-A 356
sw02519-B 356
sw02603-A 356
sw02603-B 356
sw02696-A 356
sw02696-B 356
sw02719-A 356
sw02719-B 356
sw02776-A 356
sw02776-B 356
sw02843-A 356
sw02843-B 356
sw02893-A 356
sw02893-B 356
sw02940-A 356
sw02940-B 356
sw03017-A 356
sw03017-B 356
sw03080-A 356
sw03080-B 356
sw03181-A 356
sw03181-B 356
sw03193-A 356
sw03193-B 356
sw03287-A 356
sw03287-B 356
sw03425-A 356
sw03425-B 356
sw03450-A 356
sw03450-B 356
sw03473-A 356
sw03473-B 356
sw03539-A 356
sw03539-B 356
sw03554-A 356
sw03554-B 356
sw03585-A 356
sw03585-B 356
sw03617-A 356
sw03617-B 356
sw03723-A 356
sw03723-B 356
sw03767-A 356
sw03767-B 356
sw03827-A 356
sw03827-B 356
sw03844-A 356
sw03844-B 356
sw03952-A 356
sw03952-B 356
sw03958-A 356
sw03958-B 356
sw03977-A 356
sw03977-B 356
sw03981-A 356
sw03981-B 356
sw03997-A 356
sw03997-B 356
sw04032-A 356
sw04032-B 356
sw04053-A 356
sw04053-B 356
sw04099-A 356
sw04099-B 356
sw04126-A 356
sw04126-B 356
sw04172-A 356
sw04172-B 356
sw04221-A 356
sw04221-B 356
sw04250-A 356
sw04250-B 356
sw04351-A 356
sw04351-B 356
sw04368-A 356
sw04368-B 356
sw04721-A 356
sw04721-B 356
sw04928-A 356
sw04928-B 356
sw02107-A 351
sw02107-B 351
sw02346-A 351
sw02346-B 351
sw02396-A 351
sw02396-B 351
sw02408-A 351
sw02408-B 351
sw02503-A 351
sw02503-B 351
sw02510-A 351
sw02510-B 351
sw02629-A 351
sw02629-B 351
sw02650-A 351
sw02650-B 351
sw02729-A 351
sw02729-B 351
sw02770-A 351
sw02770-B 351
sw02796-A 351
sw02796-B 351
sw02877-A 351
sw02877-B 351
sw03061-A 351
sw03061-B 351
sw03122-A 351
sw03122-B 351
sw03165-A 351
sw03165-B 351
sw03218-A 351
sw03218-B 351
sw03234-A 351
sw03234-B 351
sw03239-A 351
sw03239-B 351
sw03252-A 351
sw03252-B 351
sw03271-A 351
sw03271-B 351
sw03325-A 351
sw03325-B 351
sw03351-A 351
sw03351-B 351
sw03416-A 351
sw03416-B 351
sw03474-A 351
sw03474-B 351
sw03482-A 351
sw03482-B 351
sw03501-A 351
sw03501-B 351
sw03560-A 351
sw03560-B 351
sw03622-A 351
sw03622-B 351
sw03688-A 351
sw03688-B 351
sw03691-A 351
sw03691-B 351
sw03707-A 351
sw03707-B 351
sw03792-A 351
sw03792-B 351
sw03818-A 351
sw03818-B 351
sw03865-A 351
sw03865-B 351
sw03912-A 351
sw03912-B 351
sw03931-A 351
sw03931-B 351
sw03954-A 351
sw03954-B 351
sw03967-A 351
sw03967-B 351
sw04019-A 351
sw04019-B 351
sw04074-A 351
sw04074-B 351
sw04141-A 351
sw04141-B 351
sw04147-A 351
sw04147-B 351
sw04179-A 351
sw04179-B 351
sw04183-A 351
sw04183-B 351
sw04184-A 351
sw04184-B 351
sw04186-A 351
sw04186-B 351
sw04214-A 351
sw04214-B 351
sw04227-A 351
sw04227-B 351
sw04231-A 351
sw04231-B 351
sw04375-A 351
sw04375-B 351
sw02013-A 340
sw02013-B 340
sw02260-A 340
sw02260-B 340
sw02327-A 340
sw02327-B 340
sw02424-A 340
sw02424-B 340
sw02622-A 340
sw02622-B 340
sw02668-A 340
sw02668-B 340
sw02784-A 340
sw02784-B 340
sw02795-A 340
sw02795-B 340
sw02831-A 340
sw02831-B 340
sw02839-A 340
sw02839-B 340
sw02915-A 340
sw02915-B 340
sw02916-A 340
sw02916-B 340
sw02920-A 340
sw02920-B 340
sw03040-A 340
sw03040-B 340
sw03077-A 340
sw03077-B 340
sw03177-A 340
sw03177-B 340
sw03192-A 340
sw03192-B 340
sw03309-A 340
sw03309-B 340
sw03360-A 340
sw03360-B 340
sw03417-A 340
sw03417-B 340
sw03541-A 340
sw03541-B 340
sw03717-A 340
sw03717-B 340
sw03805-A 340
sw03805-B 340
sw03906-A 340
sw03906-B 340
sw03945-A 340
sw03945-B 340
sw04044-A 340
sw04044-B 340
sw04057-A 340
sw04057-B 340
sw04070-A 340
sw04070-B 340
sw04071-A 340
sw04071-B 340
sw04098-A 340
sw04098-B 340
sw04115-A 340
sw04115-B 340
sw04142-A 340
sw04142-B 340
sw04155-A 340
sw04155-B 340
sw04170-A 340
sw04170-B 340
sw04181-A 340
sw04181-B 340
sw04197-A 340
sw04197-B 340
sw04198-A 340
sw04198-B 340
sw04209-A 340
sw04209-B 340
sw04222-A 340
sw04222-B 340
sw04251-A 340
sw04251-B 340
sw04295-A 340
sw04295-B 340
sw04324-A 340
sw04324-B 340
sw04333-A 340
sw04333-B 340
sw04343-A 340
sw04343-B 340
sw04372-A 340
sw04372-B 340
sw04681-A 340
sw04681-B 340
sw04707-A 340
sw04707-B 340
sw04725-A 340
sw04725-B 340
sw04840-A 340
sw04840-B 340
sw04863-A 340
sw04863-B 340
